<?xml version="1.0" encoding="utf-8"?><testsuites name="pytest tests"><testsuite name="pytest" errors="0" failures="0" skipped="0" tests="0" time="0.067" timestamp="2025-06-06T14:36:52.606894+02:00" hostname="Mac.fritz.box" /></testsuites>